<?xml version="1.0" encoding="UTF-8"?>
<!-- Generated by org.testng.reporters.JUnitXMLReporter -->
<testsuite ignored="1" hostname="LAPTOP-DENRBFPO" failures="0" tests="1" name="Default test" time="7.093" errors="0" timestamp="2024-08-10T21:52:58 IST">
  <testcase classname="LoginTest.NinzaHRmLoginTest" name="dateMethodTest" time="0.051"/>
  <testcase classname="LoginTest.NinzaHRmLoginTest" name="loginTest" time="0.0">
    <ignored/>
  </testcase> <!-- loginTest -->
</testsuite> <!-- Default test -->
