<?xml version="1.0" encoding="UTF-8"?>
<!-- Generated by org.testng.reporters.JUnitXMLReporter -->
<testsuite ignored="0" hostname="LAPTOP-DENRBFPO" failures="0" tests="1" name="Test" time="8.322" errors="0" timestamp="2024-08-10T21:10:23 IST">
  <testcase classname="com.ninza.HRM.baseClass.BaseClass" name="@BeforeClass openBrowser" time="8.221">
    <failure type="java.io.FileNotFoundException" message=".\ConfigData\CofigData.properties (The system cannot find the file specified)">
      <![CDATA[java.io.FileNotFoundException: .\ConfigData\CofigData.properties (The system cannot find the file specified)
at java.base/java.io.FileInputStream.open0(Native Method)
at java.base/java.io.FileInputStream.open(FileInputStream.java:216)
at java.base/java.io.FileInputStream.<init>(FileInputStream.java:157)
at java.base/java.io.FileInputStream.<init>(FileInputStream.java:111)
at com.ninza.HRM.FileUtility.PropertyFileUtility.readDataFromConfigFile(PropertyFileUtility.java:11)
at com.ninza.HRM.baseClass.BaseClass.openBrowser(BaseClass.java:21)
at java.base/java.util.ArrayList.forEach(ArrayList.java:1511)
... Removed 25 stack frames]]>
    </failure>
  </testcase> <!-- @BeforeClass openBrowser -->
  <testcase classname="com.ninza.HRM.baseClass.BaseClass" name="@AfterClass closeBrowser" time="0.0">
    <skipped/>
  </testcase> <!-- @AfterClass closeBrowser -->
  <testcase classname="LoginTest.NinzaHRmLoginTest" name="loginTest" time="0.0">
    <skipped/>
  </testcase> <!-- loginTest -->
</testsuite> <!-- Test -->
